2022-11-01 16:55:01,808:INFO:PyCaret Supervised Module
2022-11-01 16:55:01,810:INFO:ML Usecase: classification
2022-11-01 16:55:01,811:INFO:version 2.3.10
2022-11-01 16:55:01,811:INFO:Initializing setup()
2022-11-01 16:55:01,812:INFO:setup(target=Class, ml_usecase=classification, available_plots={'parameter': 'Hyperparameters', 'auc': 'AUC', 'confusion_matrix': 'Confusion Matrix', 'threshold': 'Threshold', 'pr': 'Precision Recall', 'error': 'Prediction Error', 'class_report': 'Class Report', 'rfe': 'Feature Selection', 'learning': 'Learning Curve', 'manifold': 'Manifold Learning', 'calibration': 'Calibration Curve', 'vc': 'Validation Curve', 'dimension': 'Dimensions', 'feature': 'Feature Importance', 'feature_all': 'Feature Importance (All)', 'boundary': 'Decision Boundary', 'lift': 'Lift Chart', 'gain': 'Gain Chart', 'tree': 'Decision Tree', 'ks': 'KS Statistic Plot'}, train_size=0.7, test_data=None, preprocess=True, imputation_type=simple, iterative_imputation_iters=5, categorical_features=None, categorical_imputation=constant, categorical_iterative_imputer=lightgbm, ordinal_features=None, high_cardinality_features=None, high_cardinality_method=frequency, numeric_features=None, numeric_imputation=mean, numeric_iterative_imputer=lightgbm, date_features=None, ignore_features=None, normalize=False, normalize_method=zscore, transformation=False, transformation_method=yeo-johnson, handle_unknown_categorical=True, unknown_categorical_method=least_frequent, pca=False, pca_method=linear, pca_components=None, ignore_low_variance=False, combine_rare_levels=False, rare_level_threshold=0.1, bin_numeric_features=None, remove_outliers=False, outliers_threshold=0.05, remove_multicollinearity=False, multicollinearity_threshold=0.9, remove_perfect_collinearity=True, create_clusters=False, cluster_iter=20, polynomial_features=False, polynomial_degree=2, trigonometry_features=False, polynomial_threshold=0.1, group_features=None, group_names=None, feature_selection=False, feature_selection_threshold=0.8, feature_selection_method=classic, feature_interaction=False, feature_ratio=False, interaction_threshold=0.01, fix_imbalance=True, fix_imbalance_method=None, transform_target=False, transform_target_method=box-cox, data_split_shuffle=True, data_split_stratify=False, fold_strategy=stratifiedkfold, fold=10, fold_shuffle=False, fold_groups=None, n_jobs=-1, use_gpu=False, custom_pipeline=None, html=True, session_id=None, log_experiment=False, experiment_name=None, experiment_custom_tags=None, log_plots=False, log_profile=False, log_data=False, silent=False, verbose=True, profile=False, profile_kwargs=None, display=None)
2022-11-01 16:55:01,812:INFO:Checking environment
2022-11-01 16:55:01,813:INFO:python_version: 3.7.10
2022-11-01 16:55:01,814:INFO:python_build: ('default', 'Nov  1 2022 14:37:37')
2022-11-01 16:55:01,814:INFO:machine: x86_64
2022-11-01 16:55:01,815:INFO:platform: Linux-5.10.76-linuxkit-x86_64-with-debian-bullseye-sid
2022-11-01 16:55:01,816:INFO:Memory: svmem(total=17821085696, available=15748235264, percent=11.6, used=1377406976, free=9196978176, active=1450450944, inactive=6440595456, buffers=298606592, cached=6948093952, shared=348278784, slab=643428352)
2022-11-01 16:55:01,817:INFO:Physical Core: 8
2022-11-01 16:55:01,818:INFO:Logical Core: 8
2022-11-01 16:55:01,818:INFO:Checking libraries
2022-11-01 16:55:01,819:INFO:pd==1.3.5
2022-11-01 16:55:01,819:INFO:numpy==1.19.5
2022-11-01 16:55:01,820:INFO:sklearn==0.23.2
2022-11-01 16:55:01,820:INFO:lightgbm==3.3.3
2022-11-01 16:55:01,821:WARNING:catboost not found
2022-11-01 16:55:01,822:WARNING:xgboost not found
2022-11-01 16:55:01,823:INFO:mlflow==1.30.0
2022-11-01 16:55:01,802:INFO:Checking Exceptions
2022-11-01 16:55:01,803:INFO:Declaring global variables
2022-11-01 16:55:01,804:INFO:USI: a290
2022-11-01 16:55:01,805:INFO:pycaret_globals: {'_gpu_n_jobs_param', '_available_plots', 'USI', 'y', 'pycaret_globals', '_internal_pipeline', 'fix_imbalance_method_param', 'fold_param', '_ml_usecase', 'gpu_param', 'imputation_classifier', '_all_models', 'experiment__', 'log_plots_param', 'transform_target_param', 'seed', '_all_models_internal', 'fix_imbalance_param', 'html_param', 'master_model_container', 'transform_target_method_param', 'fold_groups_param_full', 'fold_generator', 'y_test', 'X', 'iterative_imputation_iters_param', 'target_param', 'imputation_regressor', '_all_metrics', 'display_container', 'fold_shuffle_param', 'logging_param', 'stratify_param', 'n_jobs_param', 'data_before_preprocess', 'dashboard_logger', 'create_model_container', 'prep_pipe', 'X_train', 'exp_name_log', 'fold_groups_param', 'X_test', 'y_train'}
2022-11-01 16:55:01,806:INFO:Preparing display monitor
2022-11-01 16:55:01,807:INFO:Preparing display monitor
2022-11-01 16:55:01,827:INFO:Importing libraries
2022-11-01 16:55:01,828:INFO:Copying data for preprocessing
2022-11-01 16:55:01,939:INFO:Declaring preprocessing parameters
2022-11-01 16:55:01,967:INFO:Creating preprocessing pipeline
2022-11-01 16:55:02,574:INFO:Preprocessing pipeline created successfully
2022-11-01 16:55:02,576:ERROR:(Process Exit): setup has been interupted with user command 'quit'. setup must rerun.
2022-11-01 16:55:02,577:INFO:Creating global containers
2022-11-01 16:55:02,579:INFO:Internal pipeline: Pipeline(memory=None,
         steps=[('fix_imbalance',
                 SMOTE(k_neighbors=5, n_jobs=None, random_state=2346,
                       sampling_strategy='auto'))],
         verbose=False)
2022-11-01 16:56:05,753:WARNING:Couldn't import xgboost.XGBClassifier
2022-11-01 16:56:05,755:WARNING:Couldn't import catboost.CatBoostClassifier
2022-11-01 16:56:05,821:WARNING:Couldn't import xgboost.XGBClassifier
2022-11-01 16:56:05,822:WARNING:Couldn't import catboost.CatBoostClassifier
2022-11-01 16:56:05,824:INFO:Creating grid variables
2022-11-01 16:56:05,848:INFO:create_model_container: 0
2022-11-01 16:56:05,848:INFO:master_model_container: 0
2022-11-01 16:56:05,849:INFO:display_container: 1
2022-11-01 16:56:05,854:INFO:Pipeline(memory=None,
         steps=[('dtypes',
                 DataTypes_Auto_infer(categorical_features=[],
                                      display_types=True, features_todrop=[],
                                      id_columns=[],
                                      ml_usecase='classification',
                                      numerical_features=[], target='Class',
                                      time_features=[])),
                ('imputer',
                 Simple_Imputer(categorical_strategy='not_available',
                                fill_value_categorical=None,
                                fill_value_numerical=None,
                                numeric_strate...
                ('scaling', 'passthrough'), ('P_transform', 'passthrough'),
                ('binn', 'passthrough'), ('rem_outliers', 'passthrough'),
                ('cluster_all', 'passthrough'),
                ('dummy', Dummify(target='Class')),
                ('fix_perfect', Remove_100(target='Class')),
                ('clean_names', Clean_Colum_Names()),
                ('feature_select', 'passthrough'), ('fix_multi', 'passthrough'),
                ('dfs', 'passthrough'), ('pca', 'passthrough')],
         verbose=False)
2022-11-01 16:56:05,855:INFO:setup() succesfully completed......................................
2022-11-01 16:59:07,458:INFO:Initializing compare_models()
2022-11-01 16:59:07,459:INFO:compare_models(include=None, fold=None, round=4, cross_validation=True, sort=F1, n_select=1, budget_time=None, turbo=True, errors=ignore, fit_kwargs=None, groups=None, experiment_custom_tags=None, probability_threshold=None, verbose=True, display=None, exclude=None)
2022-11-01 16:59:07,460:INFO:Checking exceptions
2022-11-01 16:59:07,463:INFO:Preparing display monitor
2022-11-01 16:59:07,463:INFO:Preparing display monitor
2022-11-01 16:59:07,507:INFO:Initializing Logistic Regression
2022-11-01 16:59:07,508:INFO:Total runtime is 1.4503796895345053e-05 minutes
2022-11-01 16:59:07,524:INFO:SubProcess create_model() called ==================================
2022-11-01 16:59:07,525:INFO:Initializing create_model()
2022-11-01 16:59:07,526:INFO:create_model(estimator=lr, fold=StratifiedKFold(n_splits=10, random_state=None, shuffle=False), round=4, cross_validation=True, predict=True, fit_kwargs={}, groups=None, refit=False, verbose=False, system=False, metrics=None, experiment_custom_tags=None, add_to_model_list=True, probability_threshold=None, display=<pycaret.internal.Display.Display object at 0x7f9d56aebe10>, return_train_score=False, kwargs={})
2022-11-01 16:59:07,527:INFO:Checking exceptions
2022-11-01 16:59:07,528:INFO:Importing libraries
2022-11-01 16:59:07,529:INFO:Copying training dataset
2022-11-01 16:59:07,533:INFO:Defining folds
2022-11-01 16:59:07,534:INFO:Declaring metric variables
2022-11-01 16:59:07,548:INFO:Importing untrained model
2022-11-01 16:59:07,560:INFO:Logistic Regression Imported succesfully
2022-11-01 16:59:07,588:INFO:Starting cross validation
2022-11-01 16:59:07,589:INFO:Cross validating with StratifiedKFold(n_splits=10, random_state=None, shuffle=False), n_jobs=-1
2022-11-01 16:59:20,895:INFO:Calculating mean and std
2022-11-01 16:59:20,898:INFO:Creating metrics dataframe
2022-11-01 16:59:20,908:INFO:Uploading results into container
2022-11-01 16:59:20,909:INFO:Uploading model into container now
2022-11-01 16:59:20,910:INFO:create_model_container: 1
2022-11-01 16:59:20,910:INFO:master_model_container: 1
2022-11-01 16:59:20,911:INFO:display_container: 2
2022-11-01 16:59:20,931:INFO:LogisticRegression(C=1.0, class_weight=None, dual=False, fit_intercept=True,
                   intercept_scaling=1, l1_ratio=None, max_iter=1000,
                   multi_class='auto', n_jobs=None, penalty='l2',
                   random_state=2346, solver='lbfgs', tol=0.0001, verbose=0,
                   warm_start=False)
2022-11-01 16:59:20,931:INFO:create_model() succesfully completed......................................
2022-11-01 16:59:21,012:INFO:SubProcess create_model() end ==================================
2022-11-01 16:59:21,013:INFO:Creating metrics dataframe
2022-11-01 16:59:21,036:INFO:Initializing K Neighbors Classifier
2022-11-01 16:59:21,037:INFO:Total runtime is 0.22549665768941243 minutes
2022-11-01 16:59:21,050:INFO:SubProcess create_model() called ==================================
2022-11-01 16:59:21,051:INFO:Initializing create_model()
2022-11-01 16:59:21,051:INFO:create_model(estimator=knn, fold=StratifiedKFold(n_splits=10, random_state=None, shuffle=False), round=4, cross_validation=True, predict=True, fit_kwargs={}, groups=None, refit=False, verbose=False, system=False, metrics=None, experiment_custom_tags=None, add_to_model_list=True, probability_threshold=None, display=<pycaret.internal.Display.Display object at 0x7f9d56aebe10>, return_train_score=False, kwargs={})
2022-11-01 16:59:21,052:INFO:Checking exceptions
2022-11-01 16:59:21,053:INFO:Importing libraries
2022-11-01 16:59:21,054:INFO:Copying training dataset
2022-11-01 16:59:21,059:INFO:Defining folds
2022-11-01 16:59:21,060:INFO:Declaring metric variables
2022-11-01 16:59:21,072:INFO:Importing untrained model
2022-11-01 16:59:21,084:INFO:K Neighbors Classifier Imported succesfully
2022-11-01 16:59:21,108:INFO:Starting cross validation
2022-11-01 16:59:21,114:INFO:Cross validating with StratifiedKFold(n_splits=10, random_state=None, shuffle=False), n_jobs=-1
2022-11-01 17:03:23,882:INFO:Calculating mean and std
2022-11-01 17:03:23,886:INFO:Creating metrics dataframe
2022-11-01 17:03:23,894:INFO:Uploading results into container
2022-11-01 17:03:23,895:INFO:Uploading model into container now
2022-11-01 17:03:23,896:INFO:create_model_container: 2
2022-11-01 17:03:23,896:INFO:master_model_container: 2
2022-11-01 17:03:23,897:INFO:display_container: 2
2022-11-01 17:03:23,898:INFO:KNeighborsClassifier(algorithm='auto', leaf_size=30, metric='minkowski',
                     metric_params=None, n_jobs=-1, n_neighbors=5, p=2,
                     weights='uniform')
2022-11-01 17:03:23,899:INFO:create_model() succesfully completed......................................
2022-11-01 17:03:23,972:INFO:SubProcess create_model() end ==================================
2022-11-01 17:03:23,973:INFO:Creating metrics dataframe
2022-11-01 17:03:23,996:INFO:Initializing Naive Bayes
2022-11-01 17:03:23,997:INFO:Total runtime is 4.274837831656138 minutes
2022-11-01 17:03:24,010:INFO:SubProcess create_model() called ==================================
2022-11-01 17:03:24,011:INFO:Initializing create_model()
2022-11-01 17:03:24,012:INFO:create_model(estimator=nb, fold=StratifiedKFold(n_splits=10, random_state=None, shuffle=False), round=4, cross_validation=True, predict=True, fit_kwargs={}, groups=None, refit=False, verbose=False, system=False, metrics=None, experiment_custom_tags=None, add_to_model_list=True, probability_threshold=None, display=<pycaret.internal.Display.Display object at 0x7f9d56aebe10>, return_train_score=False, kwargs={})
2022-11-01 17:03:24,012:INFO:Checking exceptions
2022-11-01 17:03:24,013:INFO:Importing libraries
2022-11-01 17:03:24,014:INFO:Copying training dataset
2022-11-01 17:03:24,018:INFO:Defining folds
2022-11-01 17:03:24,019:INFO:Declaring metric variables
2022-11-01 17:03:24,030:INFO:Importing untrained model
2022-11-01 17:03:24,042:INFO:Naive Bayes Imported succesfully
2022-11-01 17:03:24,063:INFO:Starting cross validation
2022-11-01 17:03:24,064:INFO:Cross validating with StratifiedKFold(n_splits=10, random_state=None, shuffle=False), n_jobs=-1
2022-11-01 17:03:25,758:INFO:Calculating mean and std
2022-11-01 17:03:25,760:INFO:Creating metrics dataframe
2022-11-01 17:03:25,767:INFO:Uploading results into container
2022-11-01 17:03:25,767:INFO:Uploading model into container now
2022-11-01 17:03:25,788:INFO:create_model_container: 3
2022-11-01 17:03:25,789:INFO:master_model_container: 3
2022-11-01 17:03:25,789:INFO:display_container: 2
2022-11-01 17:03:25,790:INFO:GaussianNB(priors=None, var_smoothing=1e-09)
2022-11-01 17:03:25,790:INFO:create_model() succesfully completed......................................
2022-11-01 17:03:25,856:INFO:SubProcess create_model() end ==================================
2022-11-01 17:03:25,857:INFO:Creating metrics dataframe
2022-11-01 17:03:25,881:INFO:Initializing Decision Tree Classifier
2022-11-01 17:03:25,885:INFO:Total runtime is 4.306297067801158 minutes
2022-11-01 17:03:25,898:INFO:SubProcess create_model() called ==================================
2022-11-01 17:03:25,899:INFO:Initializing create_model()
2022-11-01 17:03:25,900:INFO:create_model(estimator=dt, fold=StratifiedKFold(n_splits=10, random_state=None, shuffle=False), round=4, cross_validation=True, predict=True, fit_kwargs={}, groups=None, refit=False, verbose=False, system=False, metrics=None, experiment_custom_tags=None, add_to_model_list=True, probability_threshold=None, display=<pycaret.internal.Display.Display object at 0x7f9d56aebe10>, return_train_score=False, kwargs={})
2022-11-01 17:03:25,901:INFO:Checking exceptions
2022-11-01 17:03:25,902:INFO:Importing libraries
2022-11-01 17:03:25,902:INFO:Copying training dataset
2022-11-01 17:03:25,906:INFO:Defining folds
2022-11-01 17:03:25,907:INFO:Declaring metric variables
2022-11-01 17:03:25,919:INFO:Importing untrained model
2022-11-01 17:03:25,950:INFO:Decision Tree Classifier Imported succesfully
2022-11-01 17:03:25,973:INFO:Starting cross validation
2022-11-01 17:03:25,988:INFO:Cross validating with StratifiedKFold(n_splits=10, random_state=None, shuffle=False), n_jobs=-1
2022-11-01 17:04:16,513:INFO:Calculating mean and std
2022-11-01 17:04:16,515:INFO:Creating metrics dataframe
2022-11-01 17:04:16,524:INFO:Uploading results into container
2022-11-01 17:04:16,537:INFO:Uploading model into container now
2022-11-01 17:04:16,537:INFO:create_model_container: 4
2022-11-01 17:04:16,538:INFO:master_model_container: 4
2022-11-01 17:04:16,538:INFO:display_container: 2
2022-11-01 17:04:16,539:INFO:DecisionTreeClassifier(ccp_alpha=0.0, class_weight=None, criterion='gini',
                       max_depth=None, max_features=None, max_leaf_nodes=None,
                       min_impurity_decrease=0.0, min_impurity_split=None,
                       min_samples_leaf=1, min_samples_split=2,
                       min_weight_fraction_leaf=0.0, presort='deprecated',
                       random_state=2346, splitter='best')
2022-11-01 17:04:16,540:INFO:create_model() succesfully completed......................................
2022-11-01 17:04:16,610:INFO:SubProcess create_model() end ==================================
2022-11-01 17:04:16,611:INFO:Creating metrics dataframe
2022-11-01 17:04:16,637:INFO:Initializing SVM - Linear Kernel
2022-11-01 17:04:16,638:INFO:Total runtime is 5.152193053563437 minutes
2022-11-01 17:04:16,650:INFO:SubProcess create_model() called ==================================
2022-11-01 17:04:16,651:INFO:Initializing create_model()
2022-11-01 17:04:16,652:INFO:create_model(estimator=svm, fold=StratifiedKFold(n_splits=10, random_state=None, shuffle=False), round=4, cross_validation=True, predict=True, fit_kwargs={}, groups=None, refit=False, verbose=False, system=False, metrics=None, experiment_custom_tags=None, add_to_model_list=True, probability_threshold=None, display=<pycaret.internal.Display.Display object at 0x7f9d56aebe10>, return_train_score=False, kwargs={})
2022-11-01 17:04:16,653:INFO:Checking exceptions
2022-11-01 17:04:16,653:INFO:Importing libraries
2022-11-01 17:04:16,654:INFO:Copying training dataset
2022-11-01 17:04:16,658:INFO:Defining folds
2022-11-01 17:04:16,659:INFO:Declaring metric variables
2022-11-01 17:04:16,669:INFO:Importing untrained model
2022-11-01 17:04:16,681:INFO:SVM - Linear Kernel Imported succesfully
2022-11-01 17:04:16,706:INFO:Starting cross validation
2022-11-01 17:04:16,708:INFO:Cross validating with StratifiedKFold(n_splits=10, random_state=None, shuffle=False), n_jobs=-1
2022-11-01 17:04:21,115:INFO:Calculating mean and std
2022-11-01 17:04:21,117:INFO:Creating metrics dataframe
2022-11-01 17:04:21,124:INFO:Uploading results into container
2022-11-01 17:04:21,125:INFO:Uploading model into container now
2022-11-01 17:04:21,126:INFO:create_model_container: 5
2022-11-01 17:04:21,127:INFO:master_model_container: 5
2022-11-01 17:04:21,127:INFO:display_container: 2
2022-11-01 17:04:21,128:INFO:SGDClassifier(alpha=0.0001, average=False, class_weight=None,
              early_stopping=False, epsilon=0.1, eta0=0.001, fit_intercept=True,
              l1_ratio=0.15, learning_rate='optimal', loss='hinge',
              max_iter=1000, n_iter_no_change=5, n_jobs=-1, penalty='l2',
              power_t=0.5, random_state=2346, shuffle=True, tol=0.001,
              validation_fraction=0.1, verbose=0, warm_start=False)
2022-11-01 17:04:21,129:INFO:create_model() succesfully completed......................................
2022-11-01 17:04:21,196:INFO:SubProcess create_model() end ==================================
2022-11-01 17:04:21,198:INFO:Creating metrics dataframe
2022-11-01 17:04:21,223:INFO:Initializing Ridge Classifier
2022-11-01 17:04:21,225:INFO:Total runtime is 5.2286345124244695 minutes
2022-11-01 17:04:21,238:INFO:SubProcess create_model() called ==================================
2022-11-01 17:04:21,239:INFO:Initializing create_model()
2022-11-01 17:04:21,240:INFO:create_model(estimator=ridge, fold=StratifiedKFold(n_splits=10, random_state=None, shuffle=False), round=4, cross_validation=True, predict=True, fit_kwargs={}, groups=None, refit=False, verbose=False, system=False, metrics=None, experiment_custom_tags=None, add_to_model_list=True, probability_threshold=None, display=<pycaret.internal.Display.Display object at 0x7f9d56aebe10>, return_train_score=False, kwargs={})
2022-11-01 17:04:21,241:INFO:Checking exceptions
2022-11-01 17:04:21,241:INFO:Importing libraries
2022-11-01 17:04:21,242:INFO:Copying training dataset
2022-11-01 17:04:21,246:INFO:Defining folds
2022-11-01 17:04:21,246:INFO:Declaring metric variables
2022-11-01 17:04:21,258:INFO:Importing untrained model
2022-11-01 17:04:21,271:INFO:Ridge Classifier Imported succesfully
2022-11-01 17:04:21,302:INFO:Starting cross validation
2022-11-01 17:04:21,304:INFO:Cross validating with StratifiedKFold(n_splits=10, random_state=None, shuffle=False), n_jobs=-1
2022-11-01 17:04:23,143:INFO:Calculating mean and std
2022-11-01 17:04:23,146:INFO:Creating metrics dataframe
2022-11-01 17:04:23,154:INFO:Uploading results into container
2022-11-01 17:04:23,155:INFO:Uploading model into container now
2022-11-01 17:04:23,155:INFO:create_model_container: 6
2022-11-01 17:04:23,156:INFO:master_model_container: 6
2022-11-01 17:04:23,157:INFO:display_container: 2
2022-11-01 17:04:23,158:INFO:RidgeClassifier(alpha=1.0, class_weight=None, copy_X=True, fit_intercept=True,
                max_iter=None, normalize=False, random_state=2346,
                solver='auto', tol=0.001)
2022-11-01 17:04:23,158:INFO:create_model() succesfully completed......................................
2022-11-01 17:04:23,227:INFO:SubProcess create_model() end ==================================
2022-11-01 17:04:23,228:INFO:Creating metrics dataframe
2022-11-01 17:04:23,251:INFO:Initializing Random Forest Classifier
2022-11-01 17:04:23,252:INFO:Total runtime is 5.262423638502757 minutes
2022-11-01 17:04:23,265:INFO:SubProcess create_model() called ==================================
2022-11-01 17:04:23,266:INFO:Initializing create_model()
2022-11-01 17:04:23,267:INFO:create_model(estimator=rf, fold=StratifiedKFold(n_splits=10, random_state=None, shuffle=False), round=4, cross_validation=True, predict=True, fit_kwargs={}, groups=None, refit=False, verbose=False, system=False, metrics=None, experiment_custom_tags=None, add_to_model_list=True, probability_threshold=None, display=<pycaret.internal.Display.Display object at 0x7f9d56aebe10>, return_train_score=False, kwargs={})
2022-11-01 17:04:23,268:INFO:Checking exceptions
2022-11-01 17:04:23,269:INFO:Importing libraries
2022-11-01 17:04:23,269:INFO:Copying training dataset
2022-11-01 17:04:23,273:INFO:Defining folds
2022-11-01 17:04:23,274:INFO:Declaring metric variables
2022-11-01 17:04:23,286:INFO:Importing untrained model
2022-11-01 17:04:23,299:INFO:Random Forest Classifier Imported succesfully
2022-11-01 17:04:23,328:INFO:Starting cross validation
2022-11-01 17:04:23,330:INFO:Cross validating with StratifiedKFold(n_splits=10, random_state=None, shuffle=False), n_jobs=-1
2022-11-01 17:11:06,528:INFO:Calculating mean and std
2022-11-01 17:11:06,530:INFO:Creating metrics dataframe
2022-11-01 17:11:06,539:INFO:Uploading results into container
2022-11-01 17:11:06,544:INFO:Uploading model into container now
2022-11-01 17:11:06,545:INFO:create_model_container: 7
2022-11-01 17:11:06,545:INFO:master_model_container: 7
2022-11-01 17:11:06,546:INFO:display_container: 2
2022-11-01 17:11:06,547:INFO:RandomForestClassifier(bootstrap=True, ccp_alpha=0.0, class_weight=None,
                       criterion='gini', max_depth=None, max_features='auto',
                       max_leaf_nodes=None, max_samples=None,
                       min_impurity_decrease=0.0, min_impurity_split=None,
                       min_samples_leaf=1, min_samples_split=2,
                       min_weight_fraction_leaf=0.0, n_estimators=100,
                       n_jobs=-1, oob_score=False, random_state=2346, verbose=0,
                       warm_start=False)
2022-11-01 17:11:06,547:INFO:create_model() succesfully completed......................................
2022-11-01 17:11:06,623:INFO:SubProcess create_model() end ==================================
2022-11-01 17:11:06,635:INFO:Creating metrics dataframe
2022-11-01 17:11:06,660:INFO:Initializing Quadratic Discriminant Analysis
2022-11-01 17:11:06,668:INFO:Total runtime is 11.986014060179393 minutes
2022-11-01 17:11:06,689:INFO:SubProcess create_model() called ==================================
2022-11-01 17:11:06,690:INFO:Initializing create_model()
2022-11-01 17:11:06,694:INFO:create_model(estimator=qda, fold=StratifiedKFold(n_splits=10, random_state=None, shuffle=False), round=4, cross_validation=True, predict=True, fit_kwargs={}, groups=None, refit=False, verbose=False, system=False, metrics=None, experiment_custom_tags=None, add_to_model_list=True, probability_threshold=None, display=<pycaret.internal.Display.Display object at 0x7f9d56aebe10>, return_train_score=False, kwargs={})
2022-11-01 17:11:06,695:INFO:Checking exceptions
2022-11-01 17:11:06,696:INFO:Importing libraries
2022-11-01 17:11:06,697:INFO:Copying training dataset
2022-11-01 17:11:06,702:INFO:Defining folds
2022-11-01 17:11:06,721:INFO:Declaring metric variables
2022-11-01 17:11:06,734:INFO:Importing untrained model
2022-11-01 17:11:06,745:INFO:Quadratic Discriminant Analysis Imported succesfully
2022-11-01 17:11:06,769:INFO:Starting cross validation
2022-11-01 17:11:06,770:INFO:Cross validating with StratifiedKFold(n_splits=10, random_state=None, shuffle=False), n_jobs=-1
2022-11-01 17:11:12,872:INFO:Calculating mean and std
2022-11-01 17:11:12,875:INFO:Creating metrics dataframe
2022-11-01 17:11:12,883:INFO:Uploading results into container
2022-11-01 17:11:12,884:INFO:Uploading model into container now
2022-11-01 17:11:12,885:INFO:create_model_container: 8
2022-11-01 17:11:12,885:INFO:master_model_container: 8
2022-11-01 17:11:12,886:INFO:display_container: 2
2022-11-01 17:11:12,887:INFO:QuadraticDiscriminantAnalysis(priors=None, reg_param=0.0,
                              store_covariance=False, tol=0.0001)
2022-11-01 17:11:12,887:INFO:create_model() succesfully completed......................................
2022-11-01 17:11:12,974:INFO:SubProcess create_model() end ==================================
2022-11-01 17:11:12,975:INFO:Creating metrics dataframe
2022-11-01 17:11:13,001:INFO:Initializing Ada Boost Classifier
2022-11-01 17:11:13,002:INFO:Total runtime is 12.09158496061961 minutes
2022-11-01 17:11:13,016:INFO:SubProcess create_model() called ==================================
2022-11-01 17:11:13,017:INFO:Initializing create_model()
2022-11-01 17:11:13,018:INFO:create_model(estimator=ada, fold=StratifiedKFold(n_splits=10, random_state=None, shuffle=False), round=4, cross_validation=True, predict=True, fit_kwargs={}, groups=None, refit=False, verbose=False, system=False, metrics=None, experiment_custom_tags=None, add_to_model_list=True, probability_threshold=None, display=<pycaret.internal.Display.Display object at 0x7f9d56aebe10>, return_train_score=False, kwargs={})
2022-11-01 17:11:13,018:INFO:Checking exceptions
2022-11-01 17:11:13,019:INFO:Importing libraries
2022-11-01 17:11:13,020:INFO:Copying training dataset
2022-11-01 17:11:13,025:INFO:Defining folds
2022-11-01 17:11:13,026:INFO:Declaring metric variables
2022-11-01 17:11:13,037:INFO:Importing untrained model
2022-11-01 17:11:13,049:INFO:Ada Boost Classifier Imported succesfully
2022-11-01 17:11:13,072:INFO:Starting cross validation
2022-11-01 17:11:13,073:INFO:Cross validating with StratifiedKFold(n_splits=10, random_state=None, shuffle=False), n_jobs=-1
2022-11-01 17:14:13,606:INFO:Calculating mean and std
2022-11-01 17:14:13,609:INFO:Creating metrics dataframe
2022-11-01 17:14:13,616:INFO:Uploading results into container
2022-11-01 17:14:13,617:INFO:Uploading model into container now
2022-11-01 17:14:13,618:INFO:create_model_container: 9
2022-11-01 17:14:13,619:INFO:master_model_container: 9
2022-11-01 17:14:13,619:INFO:display_container: 2
2022-11-01 17:14:13,620:INFO:AdaBoostClassifier(algorithm='SAMME.R', base_estimator=None, learning_rate=1.0,
                   n_estimators=50, random_state=2346)
2022-11-01 17:14:13,621:INFO:create_model() succesfully completed......................................
2022-11-01 17:14:13,688:INFO:SubProcess create_model() end ==================================
2022-11-01 17:14:13,689:INFO:Creating metrics dataframe
2022-11-01 17:14:13,715:INFO:Initializing Gradient Boosting Classifier
2022-11-01 17:14:13,715:INFO:Total runtime is 15.103479123115541 minutes
2022-11-01 17:14:13,728:INFO:SubProcess create_model() called ==================================
2022-11-01 17:14:13,730:INFO:Initializing create_model()
2022-11-01 17:14:13,731:INFO:create_model(estimator=gbc, fold=StratifiedKFold(n_splits=10, random_state=None, shuffle=False), round=4, cross_validation=True, predict=True, fit_kwargs={}, groups=None, refit=False, verbose=False, system=False, metrics=None, experiment_custom_tags=None, add_to_model_list=True, probability_threshold=None, display=<pycaret.internal.Display.Display object at 0x7f9d56aebe10>, return_train_score=False, kwargs={})
2022-11-01 17:14:13,732:INFO:Checking exceptions
2022-11-01 17:14:13,733:INFO:Importing libraries
2022-11-01 17:14:13,733:INFO:Copying training dataset
2022-11-01 17:14:13,737:INFO:Defining folds
2022-11-01 17:14:13,738:INFO:Declaring metric variables
2022-11-01 17:14:13,750:INFO:Importing untrained model
2022-11-01 17:14:13,761:INFO:Gradient Boosting Classifier Imported succesfully
2022-11-01 17:14:13,782:INFO:Starting cross validation
2022-11-01 17:14:13,784:INFO:Cross validating with StratifiedKFold(n_splits=10, random_state=None, shuffle=False), n_jobs=-1
2022-11-01 17:29:47,848:INFO:Calculating mean and std
2022-11-01 17:29:47,871:INFO:Creating metrics dataframe
2022-11-01 17:29:47,879:INFO:Uploading results into container
2022-11-01 17:29:47,882:INFO:Uploading model into container now
2022-11-01 17:29:47,901:INFO:create_model_container: 10
2022-11-01 17:29:47,902:INFO:master_model_container: 10
2022-11-01 17:29:47,902:INFO:display_container: 2
2022-11-01 17:29:47,904:INFO:GradientBoostingClassifier(ccp_alpha=0.0, criterion='friedman_mse', init=None,
                           learning_rate=0.1, loss='deviance', max_depth=3,
                           max_features=None, max_leaf_nodes=None,
                           min_impurity_decrease=0.0, min_impurity_split=None,
                           min_samples_leaf=1, min_samples_split=2,
                           min_weight_fraction_leaf=0.0, n_estimators=100,
                           n_iter_no_change=None, presort='deprecated',
                           random_state=2346, subsample=1.0, tol=0.0001,
                           validation_fraction=0.1, verbose=0,
                           warm_start=False)
2022-11-01 17:29:47,904:INFO:create_model() succesfully completed......................................
2022-11-01 17:29:47,968:INFO:SubProcess create_model() end ==================================
2022-11-01 17:29:47,970:INFO:Creating metrics dataframe
2022-11-01 17:29:47,996:INFO:Initializing Linear Discriminant Analysis
2022-11-01 17:29:48,016:INFO:Total runtime is 30.67516262133916 minutes
2022-11-01 17:29:48,031:INFO:SubProcess create_model() called ==================================
2022-11-01 17:29:48,032:INFO:Initializing create_model()
2022-11-01 17:29:48,051:INFO:create_model(estimator=lda, fold=StratifiedKFold(n_splits=10, random_state=None, shuffle=False), round=4, cross_validation=True, predict=True, fit_kwargs={}, groups=None, refit=False, verbose=False, system=False, metrics=None, experiment_custom_tags=None, add_to_model_list=True, probability_threshold=None, display=<pycaret.internal.Display.Display object at 0x7f9d56aebe10>, return_train_score=False, kwargs={})
2022-11-01 17:29:48,052:INFO:Checking exceptions
2022-11-01 17:29:48,052:INFO:Importing libraries
2022-11-01 17:29:48,053:INFO:Copying training dataset
2022-11-01 17:29:48,057:INFO:Defining folds
2022-11-01 17:29:48,058:INFO:Declaring metric variables
2022-11-01 17:29:48,070:INFO:Importing untrained model
2022-11-01 17:29:48,082:INFO:Linear Discriminant Analysis Imported succesfully
2022-11-01 17:29:48,106:INFO:Starting cross validation
2022-11-01 17:29:48,108:INFO:Cross validating with StratifiedKFold(n_splits=10, random_state=None, shuffle=False), n_jobs=-1
2022-11-01 17:29:55,956:INFO:Calculating mean and std
2022-11-01 17:29:55,960:INFO:Creating metrics dataframe
2022-11-01 17:29:55,969:INFO:Uploading results into container
2022-11-01 17:29:55,970:INFO:Uploading model into container now
2022-11-01 17:29:55,970:INFO:create_model_container: 11
2022-11-01 17:29:55,971:INFO:master_model_container: 11
2022-11-01 17:29:55,972:INFO:display_container: 2
2022-11-01 17:29:55,972:INFO:LinearDiscriminantAnalysis(n_components=None, priors=None, shrinkage=None,
                           solver='svd', store_covariance=False, tol=0.0001)
2022-11-01 17:29:55,973:INFO:create_model() succesfully completed......................................
2022-11-01 17:29:56,056:INFO:SubProcess create_model() end ==================================
2022-11-01 17:29:56,057:INFO:Creating metrics dataframe
2022-11-01 17:29:56,088:INFO:Initializing Extra Trees Classifier
2022-11-01 17:29:56,089:INFO:Total runtime is 30.809709934393563 minutes
2022-11-01 17:29:56,104:INFO:SubProcess create_model() called ==================================
2022-11-01 17:29:56,106:INFO:Initializing create_model()
2022-11-01 17:29:56,106:INFO:create_model(estimator=et, fold=StratifiedKFold(n_splits=10, random_state=None, shuffle=False), round=4, cross_validation=True, predict=True, fit_kwargs={}, groups=None, refit=False, verbose=False, system=False, metrics=None, experiment_custom_tags=None, add_to_model_list=True, probability_threshold=None, display=<pycaret.internal.Display.Display object at 0x7f9d56aebe10>, return_train_score=False, kwargs={})
2022-11-01 17:29:56,107:INFO:Checking exceptions
2022-11-01 17:29:56,108:INFO:Importing libraries
2022-11-01 17:29:56,108:INFO:Copying training dataset
2022-11-01 17:29:56,113:INFO:Defining folds
2022-11-01 17:29:56,114:INFO:Declaring metric variables
2022-11-01 17:29:56,127:INFO:Importing untrained model
2022-11-01 17:29:56,140:INFO:Extra Trees Classifier Imported succesfully
2022-11-01 17:29:56,163:INFO:Starting cross validation
2022-11-01 17:29:56,164:INFO:Cross validating with StratifiedKFold(n_splits=10, random_state=None, shuffle=False), n_jobs=-1
2022-11-01 17:31:21,876:INFO:Calculating mean and std
2022-11-01 17:31:21,881:INFO:Creating metrics dataframe
2022-11-01 17:31:21,888:INFO:Uploading results into container
2022-11-01 17:31:21,889:INFO:Uploading model into container now
2022-11-01 17:31:21,890:INFO:create_model_container: 12
2022-11-01 17:31:21,890:INFO:master_model_container: 12
2022-11-01 17:31:21,891:INFO:display_container: 2
2022-11-01 17:31:21,892:INFO:ExtraTreesClassifier(bootstrap=False, ccp_alpha=0.0, class_weight=None,
                     criterion='gini', max_depth=None, max_features='auto',
                     max_leaf_nodes=None, max_samples=None,
                     min_impurity_decrease=0.0, min_impurity_split=None,
                     min_samples_leaf=1, min_samples_split=2,
                     min_weight_fraction_leaf=0.0, n_estimators=100, n_jobs=-1,
                     oob_score=False, random_state=2346, verbose=0,
                     warm_start=False)
2022-11-01 17:31:21,893:INFO:create_model() succesfully completed......................................
2022-11-01 17:31:21,959:INFO:SubProcess create_model() end ==================================
2022-11-01 17:31:21,960:INFO:Creating metrics dataframe
2022-11-01 17:31:21,985:INFO:Initializing Light Gradient Boosting Machine
2022-11-01 17:31:21,986:INFO:Total runtime is 32.24131964445114 minutes
2022-11-01 17:31:22,002:INFO:SubProcess create_model() called ==================================
2022-11-01 17:31:22,003:INFO:Initializing create_model()
2022-11-01 17:31:22,004:INFO:create_model(estimator=lightgbm, fold=StratifiedKFold(n_splits=10, random_state=None, shuffle=False), round=4, cross_validation=True, predict=True, fit_kwargs={}, groups=None, refit=False, verbose=False, system=False, metrics=None, experiment_custom_tags=None, add_to_model_list=True, probability_threshold=None, display=<pycaret.internal.Display.Display object at 0x7f9d56aebe10>, return_train_score=False, kwargs={})
2022-11-01 17:31:22,005:INFO:Checking exceptions
2022-11-01 17:31:22,006:INFO:Importing libraries
2022-11-01 17:31:22,006:INFO:Copying training dataset
2022-11-01 17:31:22,011:INFO:Defining folds
2022-11-01 17:31:22,013:INFO:Declaring metric variables
2022-11-01 17:31:22,026:INFO:Importing untrained model
2022-11-01 17:31:22,040:INFO:Light Gradient Boosting Machine Imported succesfully
2022-11-01 17:31:22,060:INFO:Starting cross validation
2022-11-01 17:31:22,062:INFO:Cross validating with StratifiedKFold(n_splits=10, random_state=None, shuffle=False), n_jobs=-1
2022-11-01 17:31:36,971:INFO:Calculating mean and std
2022-11-01 17:31:36,974:INFO:Creating metrics dataframe
2022-11-01 17:31:36,983:INFO:Uploading results into container
2022-11-01 17:31:36,997:INFO:Uploading model into container now
2022-11-01 17:31:36,998:INFO:create_model_container: 13
2022-11-01 17:31:36,999:INFO:master_model_container: 13
2022-11-01 17:31:37,000:INFO:display_container: 2
2022-11-01 17:31:37,001:INFO:LGBMClassifier(boosting_type='gbdt', class_weight=None, colsample_bytree=1.0,
               importance_type='split', learning_rate=0.1, max_depth=-1,
               min_child_samples=20, min_child_weight=0.001, min_split_gain=0.0,
               n_estimators=100, n_jobs=-1, num_leaves=31, objective=None,
               random_state=2346, reg_alpha=0.0, reg_lambda=0.0, silent='warn',
               subsample=1.0, subsample_for_bin=200000, subsample_freq=0)
2022-11-01 17:31:37,001:INFO:create_model() succesfully completed......................................
2022-11-01 17:31:37,080:INFO:SubProcess create_model() end ==================================
2022-11-01 17:31:37,091:INFO:Creating metrics dataframe
2022-11-01 17:31:37,117:INFO:Initializing Dummy Classifier
2022-11-01 17:31:37,118:INFO:Total runtime is 32.49351424773534 minutes
2022-11-01 17:31:37,130:INFO:SubProcess create_model() called ==================================
2022-11-01 17:31:37,131:INFO:Initializing create_model()
2022-11-01 17:31:37,131:INFO:create_model(estimator=dummy, fold=StratifiedKFold(n_splits=10, random_state=None, shuffle=False), round=4, cross_validation=True, predict=True, fit_kwargs={}, groups=None, refit=False, verbose=False, system=False, metrics=None, experiment_custom_tags=None, add_to_model_list=True, probability_threshold=None, display=<pycaret.internal.Display.Display object at 0x7f9d56aebe10>, return_train_score=False, kwargs={})
2022-11-01 17:31:37,132:INFO:Checking exceptions
2022-11-01 17:31:37,132:INFO:Importing libraries
2022-11-01 17:31:37,133:INFO:Copying training dataset
2022-11-01 17:31:37,137:INFO:Defining folds
2022-11-01 17:31:37,138:INFO:Declaring metric variables
2022-11-01 17:31:37,147:INFO:Importing untrained model
2022-11-01 17:31:37,157:INFO:Dummy Classifier Imported succesfully
2022-11-01 17:31:37,179:INFO:Starting cross validation
2022-11-01 17:31:37,181:INFO:Cross validating with StratifiedKFold(n_splits=10, random_state=None, shuffle=False), n_jobs=-1
2022-11-01 17:31:39,740:INFO:Calculating mean and std
2022-11-01 17:31:39,743:INFO:Creating metrics dataframe
2022-11-01 17:31:39,750:INFO:Uploading results into container
2022-11-01 17:31:39,751:INFO:Uploading model into container now
2022-11-01 17:31:39,751:INFO:create_model_container: 14
2022-11-01 17:31:39,752:INFO:master_model_container: 14
2022-11-01 17:31:39,752:INFO:display_container: 2
2022-11-01 17:31:39,753:INFO:DummyClassifier(constant=None, random_state=2346, strategy='prior')
2022-11-01 17:31:39,753:INFO:create_model() succesfully completed......................................
2022-11-01 17:31:39,832:INFO:SubProcess create_model() end ==================================
2022-11-01 17:31:39,833:INFO:Creating metrics dataframe
2022-11-01 17:31:39,893:INFO:Initializing create_model()
2022-11-01 17:31:39,893:INFO:create_model(estimator=ExtraTreesClassifier(bootstrap=False, ccp_alpha=0.0, class_weight=None,
                     criterion='gini', max_depth=None, max_features='auto',
                     max_leaf_nodes=None, max_samples=None,
                     min_impurity_decrease=0.0, min_impurity_split=None,
                     min_samples_leaf=1, min_samples_split=2,
                     min_weight_fraction_leaf=0.0, n_estimators=100, n_jobs=-1,
                     oob_score=False, random_state=2346, verbose=0,
                     warm_start=False), fold=StratifiedKFold(n_splits=10, random_state=None, shuffle=False), round=4, cross_validation=False, predict=False, fit_kwargs={}, groups=None, refit=True, verbose=False, system=False, metrics=None, experiment_custom_tags=None, add_to_model_list=True, probability_threshold=None, display=None, return_train_score=False, kwargs={})
2022-11-01 17:31:39,894:INFO:Checking exceptions
2022-11-01 17:31:39,895:INFO:Importing libraries
2022-11-01 17:31:39,895:INFO:Copying training dataset
2022-11-01 17:31:39,899:INFO:Defining folds
2022-11-01 17:31:39,900:INFO:Declaring metric variables
2022-11-01 17:31:39,900:INFO:Importing untrained model
2022-11-01 17:31:39,901:INFO:Declaring custom model
2022-11-01 17:31:39,903:INFO:Extra Trees Classifier Imported succesfully
2022-11-01 17:31:39,904:INFO:Cross validation set to False
2022-11-01 17:31:39,905:INFO:Fitting Model
2022-11-01 17:31:49,537:INFO:ExtraTreesClassifier(bootstrap=False, ccp_alpha=0.0, class_weight=None,
                     criterion='gini', max_depth=None, max_features='auto',
                     max_leaf_nodes=None, max_samples=None,
                     min_impurity_decrease=0.0, min_impurity_split=None,
                     min_samples_leaf=1, min_samples_split=2,
                     min_weight_fraction_leaf=0.0, n_estimators=100, n_jobs=-1,
                     oob_score=False, random_state=2346, verbose=0,
                     warm_start=False)
2022-11-01 17:31:49,538:INFO:create_models() succesfully completed......................................
2022-11-01 17:31:49,661:INFO:create_model_container: 14
2022-11-01 17:31:49,662:INFO:master_model_container: 14
2022-11-01 17:31:49,662:INFO:display_container: 2
2022-11-01 17:31:49,663:INFO:ExtraTreesClassifier(bootstrap=False, ccp_alpha=0.0, class_weight=None,
                     criterion='gini', max_depth=None, max_features='auto',
                     max_leaf_nodes=None, max_samples=None,
                     min_impurity_decrease=0.0, min_impurity_split=None,
                     min_samples_leaf=1, min_samples_split=2,
                     min_weight_fraction_leaf=0.0, n_estimators=100, n_jobs=-1,
                     oob_score=False, random_state=2346, verbose=0,
                     warm_start=False)
2022-11-01 17:31:49,664:INFO:compare_models() succesfully completed......................................
